running egg_info
writing ../../build/hand_recog_tracking/hand_recog_tracking.egg-info/PKG-INFO
writing dependency_links to ../../build/hand_recog_tracking/hand_recog_tracking.egg-info/dependency_links.txt
writing entry points to ../../build/hand_recog_tracking/hand_recog_tracking.egg-info/entry_points.txt
writing requirements to ../../build/hand_recog_tracking/hand_recog_tracking.egg-info/requires.txt
writing top-level names to ../../build/hand_recog_tracking/hand_recog_tracking.egg-info/top_level.txt
reading manifest file '../../build/hand_recog_tracking/hand_recog_tracking.egg-info/SOURCES.txt'
adding license file 'LICENSE'
writing manifest file '../../build/hand_recog_tracking/hand_recog_tracking.egg-info/SOURCES.txt'
running build
running build_py
copying hand_recog_tracking/handTracking.py -> /home/sara/ros2_ws/build/hand_recog_tracking/build/lib/hand_recog_tracking
copying hand_recog_tracking/handPosSub.py -> /home/sara/ros2_ws/build/hand_recog_tracking/build/lib/hand_recog_tracking
running install
running install_lib
copying /home/sara/ros2_ws/build/hand_recog_tracking/build/lib/hand_recog_tracking/handTracking.py -> /home/sara/ros2_ws/install/hand_recog_tracking/lib/python3.10/site-packages/hand_recog_tracking
copying /home/sara/ros2_ws/build/hand_recog_tracking/build/lib/hand_recog_tracking/handPosSub.py -> /home/sara/ros2_ws/install/hand_recog_tracking/lib/python3.10/site-packages/hand_recog_tracking
byte-compiling /home/sara/ros2_ws/install/hand_recog_tracking/lib/python3.10/site-packages/hand_recog_tracking/handTracking.py to handTracking.cpython-310.pyc
byte-compiling /home/sara/ros2_ws/install/hand_recog_tracking/lib/python3.10/site-packages/hand_recog_tracking/handPosSub.py to handPosSub.cpython-310.pyc
running install_data
running install_egg_info
removing '/home/sara/ros2_ws/install/hand_recog_tracking/lib/python3.10/site-packages/hand_recog_tracking-0.0.0-py3.10.egg-info' (and everything under it)
Copying ../../build/hand_recog_tracking/hand_recog_tracking.egg-info to /home/sara/ros2_ws/install/hand_recog_tracking/lib/python3.10/site-packages/hand_recog_tracking-0.0.0-py3.10.egg-info
running install_scripts
Installing listener script to /home/sara/ros2_ws/install/hand_recog_tracking/lib/hand_recog_tracking
Installing talker script to /home/sara/ros2_ws/install/hand_recog_tracking/lib/hand_recog_tracking
writing list of installed files to '/home/sara/ros2_ws/build/hand_recog_tracking/install.log'
