[0.009s] Invoking command in '/home/sara/ros2_ws/build/realsense2_camera_msgs': CMAKE_PREFIX_PATH=/home/sara/x1robotics/install/mediapipe_test:/opt/ros/humble PS1=\[\e]0;\u@\h: \w\a\]${debian_chroot:+($debian_chroot)}\[\033[01;32m\]\u@\h\[\033[00m\]:\[\033[01;34m\]\w\[\033[00m\]\$ /usr/bin/cmake /home/sara/ros2_ws/src/realsense-ros/realsense2_camera_msgs -DCMAKE_INSTALL_PREFIX=/home/sara/ros2_ws/install/realsense2_camera_msgs
[0.138s] -- Found ament_cmake: 1.3.10 (/opt/ros/humble/share/ament_cmake/cmake)
[0.138s] -- Configuring incomplete, errors occurred!
[0.138s] See also "/home/sara/ros2_ws/build/realsense2_camera_msgs/CMakeFiles/CMakeOutput.log".
[0.139s] [31mCMake Error at /usr/share/cmake-3.22/Modules/FindPackageHandleStandardArgs.cmake:230 (message):
[0.139s]   Could NOT find Python3 (missing: Interpreter)
[0.139s] 
[0.139s]       Reason given by package: 
[0.139s]           Interpreter: Cannot run the interpreter "/home/sara/ros2_ws/venv/bin/python3"
[0.139s] 
[0.139s] Call Stack (most recent call first):
[0.139s]   /usr/share/cmake-3.22/Modules/FindPackageHandleStandardArgs.cmake:594 (_FPHSA_FAILURE_MESSAGE)
[0.139s]   /usr/share/cmake-3.22/Modules/FindPython/Support.cmake:3180 (find_package_handle_standard_args)
[0.139s]   /usr/share/cmake-3.22/Modules/FindPython3.cmake:490 (include)
[0.139s]   /opt/ros/humble/share/ament_cmake_core/cmake/core/python.cmake:37 (find_package)
[0.139s]   /opt/ros/humble/share/ament_cmake_core/cmake/core/all.cmake:54 (include)
[0.139s]   /opt/ros/humble/share/ament_cmake_core/cmake/ament_cmake_core-extras.cmake:17 (include)
[0.140s]   /opt/ros/humble/share/ament_cmake_core/cmake/ament_cmake_coreConfig.cmake:41 (include)
[0.140s]   /opt/ros/humble/share/ament_cmake/cmake/ament_cmake_export_dependencies-extras.cmake:15 (find_package)
[0.140s]   /opt/ros/humble/share/ament_cmake/cmake/ament_cmakeConfig.cmake:41 (include)
[0.140s]   CMakeLists.txt:27 (find_package)
[0.140s] 
[0.140s] [0m
[0.271s] Invoked command in '/home/sara/ros2_ws/build/realsense2_camera_msgs' returned '1': CMAKE_PREFIX_PATH=/home/sara/x1robotics/install/mediapipe_test:/opt/ros/humble PS1=\[\e]0;\u@\h: \w\a\]${debian_chroot:+($debian_chroot)}\[\033[01;32m\]\u@\h\[\033[00m\]:\[\033[01;34m\]\w\[\033[00m\]\$ /usr/bin/cmake /home/sara/ros2_ws/src/realsense-ros/realsense2_camera_msgs -DCMAKE_INSTALL_PREFIX=/home/sara/ros2_ws/install/realsense2_camera_msgs
