[0.010s] Invoking command in '/home/sara/ros2_ws/src/build/realsense2_camera_msgs': CMAKE_PREFIX_PATH=${CMAKE_PREFIX_PATH}:/home/sara/ros2_ws/install/hand_recog_tracking:/opt/ros/humble PS1=(.venv) \[\e]0;\u@\h: \w\a\]${debian_chroot:+($debian_chroot)}\[\033[01;32m\]\u@\h\[\033[00m\]:\[\033[01;34m\]\w\[\033[00m\]\$ VIRTUAL_ENV_PROMPT=(.venv) /usr/bin/cmake /home/sara/ros2_ws/src/realsense-ros/realsense2_camera_msgs -DCMAKE_INSTALL_PREFIX=/home/sara/ros2_ws/src/install/realsense2_camera_msgs
[0.132s] -- Found ament_cmake: 1.3.10 (/opt/ros/humble/share/ament_cmake/cmake)
[0.132s] -- Found rosidl_default_generators: 1.2.0 (/opt/ros/humble/share/rosidl_default_generators/cmake)
[0.132s] -- Using all available rosidl_typesupport_c: rosidl_typesupport_fastrtps_c;rosidl_typesupport_introspection_c
[0.132s] -- Found rosidl_adapter: 3.1.5 (/opt/ros/humble/share/rosidl_adapter/cmake)
[0.132s] -- Using all available rosidl_typesupport_cpp: rosidl_typesupport_fastrtps_cpp;rosidl_typesupport_introspection_cpp
[0.132s] -- Found builtin_interfaces: 1.2.1 (/opt/ros/humble/share/builtin_interfaces/cmake)
[0.132s] -- Found std_msgs: 4.2.4 (/opt/ros/humble/share/std_msgs/cmake)
[0.132s] -- Found sensor_msgs: 4.2.4 (/opt/ros/humble/share/sensor_msgs/cmake)
[0.181s] [31mCMake Error at /opt/ros/humble/share/rosidl_adapter/cmake/rosidl_adapt_interfaces.cmake:59 (message):
[0.181s]   execute_process(/home/sara/ros2_ws/.venv/bin/python3 -m rosidl_adapter
[0.181s]   --package-name realsense2_camera_msgs --arguments-file
[0.182s]   /home/sara/ros2_ws/src/build/realsense2_camera_msgs/rosidl_adapter__arguments__realsense2_camera_msgs.json
[0.182s]   --output-dir
[0.182s]   /home/sara/ros2_ws/src/build/realsense2_camera_msgs/rosidl_adapter/realsense2_camera_msgs
[0.182s]   --output-file
[0.182s]   /home/sara/ros2_ws/src/build/realsense2_camera_msgs/rosidl_adapter/realsense2_camera_msgs.idls)
[0.182s]   returned error code 1:
[0.182s] 
[0.182s]   Traceback (most recent call last):
[0.182s] 
[0.182s]     File "/usr/lib/python3.10/runpy.py", line 196, in _run_module_as_main
[0.182s]       return _run_code(code, main_globals, None,
[0.182s]     File "/usr/lib/python3.10/runpy.py", line 86, in _run_code
[0.182s]       exec(code, run_globals)
[0.182s]     File "/opt/ros/humble/local/lib/python3.10/dist-packages/rosidl_adapter/__main__.py", line 19, in <module>
[0.182s]       sys.exit(main())
[0.182s]     File "/opt/ros/humble/local/lib/python3.10/dist-packages/rosidl_adapter/main.py", line 53, in main
[0.182s]       abs_idl_file = convert_to_idl(
[0.182s]     File "/opt/ros/humble/local/lib/python3.10/dist-packages/rosidl_adapter/__init__.py", line 18, in convert_to_idl
[0.182s]       from rosidl_adapter.msg import convert_msg_to_idl
[0.182s]     File "/opt/ros/humble/local/lib/python3.10/dist-packages/rosidl_adapter/msg/__init__.py", line 16, in <module>
[0.182s]       from rosidl_adapter.resource import expand_template
[0.182s]     File "/opt/ros/humble/local/lib/python3.10/dist-packages/rosidl_adapter/resource/__init__.py", line 19, in <module>
[0.182s]       import em
[0.182s] 
[0.182s]   ModuleNotFoundError: No module named 'em'
[0.182s] 
[0.182s] Call Stack (most recent call first):
[0.182s]   /opt/ros/humble/share/rosidl_cmake/cmake/rosidl_generate_interfaces.cmake:130 (rosidl_adapt_interfaces)
[0.182s]   CMakeLists.txt:39 (rosidl_generate_interfaces)
[0.182s] 
[0.182s] [0m
[0.183s] -- Configuring incomplete, errors occurred!
[0.183s] See also "/home/sara/ros2_ws/src/build/realsense2_camera_msgs/CMakeFiles/CMakeOutput.log".
[0.254s] Invoked command in '/home/sara/ros2_ws/src/build/realsense2_camera_msgs' returned '1': CMAKE_PREFIX_PATH=${CMAKE_PREFIX_PATH}:/home/sara/ros2_ws/install/hand_recog_tracking:/opt/ros/humble PS1=(.venv) \[\e]0;\u@\h: \w\a\]${debian_chroot:+($debian_chroot)}\[\033[01;32m\]\u@\h\[\033[00m\]:\[\033[01;34m\]\w\[\033[00m\]\$ VIRTUAL_ENV_PROMPT=(.venv) /usr/bin/cmake /home/sara/ros2_ws/src/realsense-ros/realsense2_camera_msgs -DCMAKE_INSTALL_PREFIX=/home/sara/ros2_ws/src/install/realsense2_camera_msgs
