[0.286s] Invoking command in '/home/sara/ros2_ws/src/hand_recog_tracking': PYTHONPATH=/home/sara/ros2_ws/build/hand_recog_tracking/prefix_override:/usr/lib/python3/dist-packages/colcon_core/task/python/colcon_distutils_commands:/home/sara/ros2_ws/install/hand_recog_tracking/lib/python3.10/site-packages:${PYTHONPATH} /usr/bin/python3 -W ignore:setup.py install is deprecated setup.py egg_info --egg-base ../../build/hand_recog_tracking build --build-base /home/sara/ros2_ws/build/hand_recog_tracking/build install --record /home/sara/ros2_ws/build/hand_recog_tracking/install.log --single-version-externally-managed install_data
[0.392s] running egg_info
[0.393s] writing ../../build/hand_recog_tracking/hand_recog_tracking.egg-info/PKG-INFO
[0.393s] writing dependency_links to ../../build/hand_recog_tracking/hand_recog_tracking.egg-info/dependency_links.txt
[0.393s] writing entry points to ../../build/hand_recog_tracking/hand_recog_tracking.egg-info/entry_points.txt
[0.393s] writing requirements to ../../build/hand_recog_tracking/hand_recog_tracking.egg-info/requires.txt
[0.393s] writing top-level names to ../../build/hand_recog_tracking/hand_recog_tracking.egg-info/top_level.txt
[0.394s] reading manifest file '../../build/hand_recog_tracking/hand_recog_tracking.egg-info/SOURCES.txt'
[0.394s] adding license file 'LICENSE'
[0.394s] writing manifest file '../../build/hand_recog_tracking/hand_recog_tracking.egg-info/SOURCES.txt'
[0.394s] running build
[0.394s] running build_py
[0.395s] copying hand_recog_tracking/handTracking.py -> /home/sara/ros2_ws/build/hand_recog_tracking/build/lib/hand_recog_tracking
[0.395s] copying hand_recog_tracking/handRecogSub.py -> /home/sara/ros2_ws/build/hand_recog_tracking/build/lib/hand_recog_tracking
[0.395s] running install
[0.395s] running install_lib
[0.395s] copying /home/sara/ros2_ws/build/hand_recog_tracking/build/lib/hand_recog_tracking/handTracking.py -> /home/sara/ros2_ws/install/hand_recog_tracking/lib/python3.10/site-packages/hand_recog_tracking
[0.395s] copying /home/sara/ros2_ws/build/hand_recog_tracking/build/lib/hand_recog_tracking/handRecogSub.py -> /home/sara/ros2_ws/install/hand_recog_tracking/lib/python3.10/site-packages/hand_recog_tracking
[0.396s] byte-compiling /home/sara/ros2_ws/install/hand_recog_tracking/lib/python3.10/site-packages/hand_recog_tracking/handTracking.py to handTracking.cpython-310.pyc
[0.397s] byte-compiling /home/sara/ros2_ws/install/hand_recog_tracking/lib/python3.10/site-packages/hand_recog_tracking/handRecogSub.py to handRecogSub.cpython-310.pyc
[0.397s] running install_data
[0.397s] running install_egg_info
[0.398s] removing '/home/sara/ros2_ws/install/hand_recog_tracking/lib/python3.10/site-packages/hand_recog_tracking-0.0.0-py3.10.egg-info' (and everything under it)
[0.398s] Copying ../../build/hand_recog_tracking/hand_recog_tracking.egg-info to /home/sara/ros2_ws/install/hand_recog_tracking/lib/python3.10/site-packages/hand_recog_tracking-0.0.0-py3.10.egg-info
[0.398s] running install_scripts
[0.408s] Installing poslistener script to /home/sara/ros2_ws/install/hand_recog_tracking/lib/hand_recog_tracking
[0.408s] Installing recoglistener script to /home/sara/ros2_ws/install/hand_recog_tracking/lib/hand_recog_tracking
[0.408s] Installing talker script to /home/sara/ros2_ws/install/hand_recog_tracking/lib/hand_recog_tracking
[0.408s] writing list of installed files to '/home/sara/ros2_ws/build/hand_recog_tracking/install.log'
[0.420s] Invoked command in '/home/sara/ros2_ws/src/hand_recog_tracking' returned '0': PYTHONPATH=/home/sara/ros2_ws/build/hand_recog_tracking/prefix_override:/usr/lib/python3/dist-packages/colcon_core/task/python/colcon_distutils_commands:/home/sara/ros2_ws/install/hand_recog_tracking/lib/python3.10/site-packages:${PYTHONPATH} /usr/bin/python3 -W ignore:setup.py install is deprecated setup.py egg_info --egg-base ../../build/hand_recog_tracking build --build-base /home/sara/ros2_ws/build/hand_recog_tracking/build install --record /home/sara/ros2_ws/build/hand_recog_tracking/install.log --single-version-externally-managed install_data
