[0.008s] Invoking command in '/home/sara/ros2_ws/src/build/realsense2_camera_msgs': CMAKE_PREFIX_PATH=${CMAKE_PREFIX_PATH}:/home/sara/ros2_ws/install/hand_recog_tracking:/opt/ros/humble PS1=(.venv) \[\e]0;\u@\h: \w\a\]${debian_chroot:+($debian_chroot)}\[\033[01;32m\]\u@\h\[\033[00m\]:\[\033[01;34m\]\w\[\033[00m\]\$ VIRTUAL_ENV_PROMPT=(.venv) /usr/bin/cmake /home/sara/ros2_ws/src/realsense-ros/realsense2_camera_msgs -DCMAKE_INSTALL_PREFIX=/home/sara/ros2_ws/src/install/realsense2_camera_msgs
[0.140s] -- The C compiler identification is GNU 11.4.0
[0.140s] -- The CXX compiler identification is GNU 11.4.0
[0.141s] -- Detecting C compiler ABI info
[0.160s] -- Detecting C compiler ABI info - done
[0.164s] -- Check for working C compiler: /usr/bin/cc - skipped
[0.165s] -- Detecting C compile features
[0.165s] -- Detecting C compile features - done
[0.167s] -- Detecting CXX compiler ABI info
[0.206s] -- Detecting CXX compiler ABI info - done
[0.210s] -- Check for working CXX compiler: /usr/bin/c++ - skipped
[0.210s] -- Detecting CXX compile features
[0.210s] -- Detecting CXX compile features - done
[0.212s] -- Found ament_cmake: 1.3.10 (/opt/ros/humble/share/ament_cmake/cmake)
[0.382s] -- Found Python3: /home/sara/ros2_ws/.venv/bin/python3 (found version "3.10.12") found components: Interpreter 
[0.438s] -- Found rosidl_default_generators: 1.2.0 (/opt/ros/humble/share/rosidl_default_generators/cmake)
[0.440s] -- Using all available rosidl_typesupport_c: rosidl_typesupport_fastrtps_c;rosidl_typesupport_introspection_c
[0.445s] -- Found rosidl_adapter: 3.1.5 (/opt/ros/humble/share/rosidl_adapter/cmake)
[0.477s] -- Using all available rosidl_typesupport_cpp: rosidl_typesupport_fastrtps_cpp;rosidl_typesupport_introspection_cpp
[0.503s] -- Found builtin_interfaces: 1.2.1 (/opt/ros/humble/share/builtin_interfaces/cmake)
[0.512s] -- Found std_msgs: 4.2.4 (/opt/ros/humble/share/std_msgs/cmake)
[0.521s] -- Found sensor_msgs: 4.2.4 (/opt/ros/humble/share/sensor_msgs/cmake)
[0.596s] [31mCMake Error at /opt/ros/humble/share/rosidl_adapter/cmake/rosidl_adapt_interfaces.cmake:59 (message):
[0.596s]   execute_process(/home/sara/ros2_ws/.venv/bin/python3 -m rosidl_adapter
[0.596s]   --package-name realsense2_camera_msgs --arguments-file
[0.597s]   /home/sara/ros2_ws/src/build/realsense2_camera_msgs/rosidl_adapter__arguments__realsense2_camera_msgs.json
[0.597s]   --output-dir
[0.597s]   /home/sara/ros2_ws/src/build/realsense2_camera_msgs/rosidl_adapter/realsense2_camera_msgs
[0.597s]   --output-file
[0.597s]   /home/sara/ros2_ws/src/build/realsense2_camera_msgs/rosidl_adapter/realsense2_camera_msgs.idls)
[0.597s]   returned error code 1:
[0.597s] 
[0.597s]   Traceback (most recent call last):
[0.597s] 
[0.597s]     File "/usr/lib/python3.10/runpy.py", line 196, in _run_module_as_main
[0.597s]       return _run_code(code, main_globals, None,
[0.597s]     File "/usr/lib/python3.10/runpy.py", line 86, in _run_code
[0.597s]       exec(code, run_globals)
[0.597s]     File "/opt/ros/humble/local/lib/python3.10/dist-packages/rosidl_adapter/__main__.py", line 19, in <module>
[0.597s]       sys.exit(main())
[0.597s]     File "/opt/ros/humble/local/lib/python3.10/dist-packages/rosidl_adapter/main.py", line 53, in main
[0.597s]       abs_idl_file = convert_to_idl(
[0.597s]     File "/opt/ros/humble/local/lib/python3.10/dist-packages/rosidl_adapter/__init__.py", line 18, in convert_to_idl
[0.597s]       from rosidl_adapter.msg import convert_msg_to_idl
[0.597s]     File "/opt/ros/humble/local/lib/python3.10/dist-packages/rosidl_adapter/msg/__init__.py", line 16, in <module>
[0.597s]       from rosidl_adapter.resource import expand_template
[0.597s]     File "/opt/ros/humble/local/lib/python3.10/dist-packages/rosidl_adapter/resource/__init__.py", line 19, in <module>
[0.597s]       import em
[0.597s] 
[0.597s]   ModuleNotFoundError: No module named 'em'
[0.597s] 
[0.597s] Call Stack (most recent call first):
[0.597s]   /opt/ros/humble/share/rosidl_cmake/cmake/rosidl_generate_interfaces.cmake:130 (rosidl_adapt_interfaces)
[0.597s]   CMakeLists.txt:39 (rosidl_generate_interfaces)
[0.597s] 
[0.597s] [0m
[0.597s] -- Configuring incomplete, errors occurred!
[0.597s] See also "/home/sara/ros2_ws/src/build/realsense2_camera_msgs/CMakeFiles/CMakeOutput.log".
[0.601s] Invoked command in '/home/sara/ros2_ws/src/build/realsense2_camera_msgs' returned '1': CMAKE_PREFIX_PATH=${CMAKE_PREFIX_PATH}:/home/sara/ros2_ws/install/hand_recog_tracking:/opt/ros/humble PS1=(.venv) \[\e]0;\u@\h: \w\a\]${debian_chroot:+($debian_chroot)}\[\033[01;32m\]\u@\h\[\033[00m\]:\[\033[01;34m\]\w\[\033[00m\]\$ VIRTUAL_ENV_PROMPT=(.venv) /usr/bin/cmake /home/sara/ros2_ws/src/realsense-ros/realsense2_camera_msgs -DCMAKE_INSTALL_PREFIX=/home/sara/ros2_ws/src/install/realsense2_camera_msgs
