running egg_info
creating ../build/hand_recog_tracking/hand_recog_tracking.egg-info
writing ../build/hand_recog_tracking/hand_recog_tracking.egg-info/PKG-INFO
writing dependency_links to ../build/hand_recog_tracking/hand_recog_tracking.egg-info/dependency_links.txt
writing entry points to ../build/hand_recog_tracking/hand_recog_tracking.egg-info/entry_points.txt
writing requirements to ../build/hand_recog_tracking/hand_recog_tracking.egg-info/requires.txt
writing top-level names to ../build/hand_recog_tracking/hand_recog_tracking.egg-info/top_level.txt
writing manifest file '../build/hand_recog_tracking/hand_recog_tracking.egg-info/SOURCES.txt'
reading manifest file '../build/hand_recog_tracking/hand_recog_tracking.egg-info/SOURCES.txt'
adding license file 'LICENSE'
writing manifest file '../build/hand_recog_tracking/hand_recog_tracking.egg-info/SOURCES.txt'
running build
running build_py
creating /home/sara/ros2_ws/src/build/hand_recog_tracking/build
creating /home/sara/ros2_ws/src/build/hand_recog_tracking/build/lib
creating /home/sara/ros2_ws/src/build/hand_recog_tracking/build/lib/hand_recog_tracking
copying hand_recog_tracking/handTracking.py -> /home/sara/ros2_ws/src/build/hand_recog_tracking/build/lib/hand_recog_tracking
copying hand_recog_tracking/subscriber.py -> /home/sara/ros2_ws/src/build/hand_recog_tracking/build/lib/hand_recog_tracking
copying hand_recog_tracking/__init__.py -> /home/sara/ros2_ws/src/build/hand_recog_tracking/build/lib/hand_recog_tracking
running install
running install_lib
creating /home/sara/ros2_ws/src/install/hand_recog_tracking/lib/python3.10/site-packages/hand_recog_tracking
copying /home/sara/ros2_ws/src/build/hand_recog_tracking/build/lib/hand_recog_tracking/handTracking.py -> /home/sara/ros2_ws/src/install/hand_recog_tracking/lib/python3.10/site-packages/hand_recog_tracking
copying /home/sara/ros2_ws/src/build/hand_recog_tracking/build/lib/hand_recog_tracking/subscriber.py -> /home/sara/ros2_ws/src/install/hand_recog_tracking/lib/python3.10/site-packages/hand_recog_tracking
copying /home/sara/ros2_ws/src/build/hand_recog_tracking/build/lib/hand_recog_tracking/__init__.py -> /home/sara/ros2_ws/src/install/hand_recog_tracking/lib/python3.10/site-packages/hand_recog_tracking
byte-compiling /home/sara/ros2_ws/src/install/hand_recog_tracking/lib/python3.10/site-packages/hand_recog_tracking/handTracking.py to handTracking.cpython-310.pyc
byte-compiling /home/sara/ros2_ws/src/install/hand_recog_tracking/lib/python3.10/site-packages/hand_recog_tracking/subscriber.py to subscriber.cpython-310.pyc
byte-compiling /home/sara/ros2_ws/src/install/hand_recog_tracking/lib/python3.10/site-packages/hand_recog_tracking/__init__.py to __init__.cpython-310.pyc
running install_data
creating /home/sara/ros2_ws/src/install/hand_recog_tracking/share/ament_index
creating /home/sara/ros2_ws/src/install/hand_recog_tracking/share/ament_index/resource_index
creating /home/sara/ros2_ws/src/install/hand_recog_tracking/share/ament_index/resource_index/packages
copying resource/hand_recog_tracking -> /home/sara/ros2_ws/src/install/hand_recog_tracking/share/ament_index/resource_index/packages
copying package.xml -> /home/sara/ros2_ws/src/install/hand_recog_tracking/share/hand_recog_tracking
running install_egg_info
Copying ../build/hand_recog_tracking/hand_recog_tracking.egg-info to /home/sara/ros2_ws/src/install/hand_recog_tracking/lib/python3.10/site-packages/hand_recog_tracking-0.0.0-py3.10.egg-info
running install_scripts
Installing listener script to /home/sara/ros2_ws/src/install/hand_recog_tracking/lib/hand_recog_tracking
Installing talker script to /home/sara/ros2_ws/src/install/hand_recog_tracking/lib/hand_recog_tracking
writing list of installed files to '/home/sara/ros2_ws/src/build/hand_recog_tracking/install.log'
