[0.429s] Invoking command in '/home/sara/ros2_ws/src/hand_recog_tracking': PS1=(.venv) \[\e]0;\u@\h: \w\a\]${debian_chroot:+($debian_chroot)}\[\033[01;32m\]\u@\h\[\033[00m\]:\[\033[01;34m\]\w\[\033[00m\]\$ PYTHONPATH=/home/sara/ros2_ws/src/build/hand_recog_tracking/prefix_override:/usr/lib/python3/dist-packages/colcon_core/task/python/colcon_distutils_commands:/home/sara/ros2_ws/src/install/hand_recog_tracking/lib/python3.10/site-packages:${PYTHONPATH} VIRTUAL_ENV_PROMPT=(.venv) /usr/bin/python3 -W ignore:setup.py install is deprecated setup.py egg_info --egg-base ../build/hand_recog_tracking build --build-base /home/sara/ros2_ws/src/build/hand_recog_tracking/build install --record /home/sara/ros2_ws/src/build/hand_recog_tracking/install.log --single-version-externally-managed install_data
[0.545s] running egg_info
[0.546s] creating ../build/hand_recog_tracking/hand_recog_tracking.egg-info
[0.546s] writing ../build/hand_recog_tracking/hand_recog_tracking.egg-info/PKG-INFO
[0.546s] writing dependency_links to ../build/hand_recog_tracking/hand_recog_tracking.egg-info/dependency_links.txt
[0.546s] writing entry points to ../build/hand_recog_tracking/hand_recog_tracking.egg-info/entry_points.txt
[0.546s] writing requirements to ../build/hand_recog_tracking/hand_recog_tracking.egg-info/requires.txt
[0.546s] writing top-level names to ../build/hand_recog_tracking/hand_recog_tracking.egg-info/top_level.txt
[0.546s] writing manifest file '../build/hand_recog_tracking/hand_recog_tracking.egg-info/SOURCES.txt'
[0.547s] reading manifest file '../build/hand_recog_tracking/hand_recog_tracking.egg-info/SOURCES.txt'
[0.547s] adding license file 'LICENSE'
[0.547s] writing manifest file '../build/hand_recog_tracking/hand_recog_tracking.egg-info/SOURCES.txt'
[0.548s] running build
[0.548s] running build_py
[0.548s] creating /home/sara/ros2_ws/src/build/hand_recog_tracking/build
[0.548s] creating /home/sara/ros2_ws/src/build/hand_recog_tracking/build/lib
[0.548s] creating /home/sara/ros2_ws/src/build/hand_recog_tracking/build/lib/hand_recog_tracking
[0.548s] copying hand_recog_tracking/handTracking.py -> /home/sara/ros2_ws/src/build/hand_recog_tracking/build/lib/hand_recog_tracking
[0.548s] copying hand_recog_tracking/subscriber.py -> /home/sara/ros2_ws/src/build/hand_recog_tracking/build/lib/hand_recog_tracking
[0.548s] copying hand_recog_tracking/__init__.py -> /home/sara/ros2_ws/src/build/hand_recog_tracking/build/lib/hand_recog_tracking
[0.548s] running install
[0.549s] running install_lib
[0.549s] creating /home/sara/ros2_ws/src/install/hand_recog_tracking/lib/python3.10/site-packages/hand_recog_tracking
[0.549s] copying /home/sara/ros2_ws/src/build/hand_recog_tracking/build/lib/hand_recog_tracking/handTracking.py -> /home/sara/ros2_ws/src/install/hand_recog_tracking/lib/python3.10/site-packages/hand_recog_tracking
[0.549s] copying /home/sara/ros2_ws/src/build/hand_recog_tracking/build/lib/hand_recog_tracking/subscriber.py -> /home/sara/ros2_ws/src/install/hand_recog_tracking/lib/python3.10/site-packages/hand_recog_tracking
[0.549s] copying /home/sara/ros2_ws/src/build/hand_recog_tracking/build/lib/hand_recog_tracking/__init__.py -> /home/sara/ros2_ws/src/install/hand_recog_tracking/lib/python3.10/site-packages/hand_recog_tracking
[0.549s] byte-compiling /home/sara/ros2_ws/src/install/hand_recog_tracking/lib/python3.10/site-packages/hand_recog_tracking/handTracking.py to handTracking.cpython-310.pyc
[0.550s] byte-compiling /home/sara/ros2_ws/src/install/hand_recog_tracking/lib/python3.10/site-packages/hand_recog_tracking/subscriber.py to subscriber.cpython-310.pyc
[0.550s] byte-compiling /home/sara/ros2_ws/src/install/hand_recog_tracking/lib/python3.10/site-packages/hand_recog_tracking/__init__.py to __init__.cpython-310.pyc
[0.550s] running install_data
[0.551s] creating /home/sara/ros2_ws/src/install/hand_recog_tracking/share/ament_index
[0.551s] creating /home/sara/ros2_ws/src/install/hand_recog_tracking/share/ament_index/resource_index
[0.551s] creating /home/sara/ros2_ws/src/install/hand_recog_tracking/share/ament_index/resource_index/packages
[0.551s] copying resource/hand_recog_tracking -> /home/sara/ros2_ws/src/install/hand_recog_tracking/share/ament_index/resource_index/packages
[0.551s] copying package.xml -> /home/sara/ros2_ws/src/install/hand_recog_tracking/share/hand_recog_tracking
[0.551s] running install_egg_info
[0.552s] Copying ../build/hand_recog_tracking/hand_recog_tracking.egg-info to /home/sara/ros2_ws/src/install/hand_recog_tracking/lib/python3.10/site-packages/hand_recog_tracking-0.0.0-py3.10.egg-info
[0.552s] running install_scripts
[0.563s] Installing listener script to /home/sara/ros2_ws/src/install/hand_recog_tracking/lib/hand_recog_tracking
[0.563s] Installing talker script to /home/sara/ros2_ws/src/install/hand_recog_tracking/lib/hand_recog_tracking
[0.563s] writing list of installed files to '/home/sara/ros2_ws/src/build/hand_recog_tracking/install.log'
[0.582s] Invoked command in '/home/sara/ros2_ws/src/hand_recog_tracking' returned '0': PS1=(.venv) \[\e]0;\u@\h: \w\a\]${debian_chroot:+($debian_chroot)}\[\033[01;32m\]\u@\h\[\033[00m\]:\[\033[01;34m\]\w\[\033[00m\]\$ PYTHONPATH=/home/sara/ros2_ws/src/build/hand_recog_tracking/prefix_override:/usr/lib/python3/dist-packages/colcon_core/task/python/colcon_distutils_commands:/home/sara/ros2_ws/src/install/hand_recog_tracking/lib/python3.10/site-packages:${PYTHONPATH} VIRTUAL_ENV_PROMPT=(.venv) /usr/bin/python3 -W ignore:setup.py install is deprecated setup.py egg_info --egg-base ../build/hand_recog_tracking build --build-base /home/sara/ros2_ws/src/build/hand_recog_tracking/build install --record /home/sara/ros2_ws/src/build/hand_recog_tracking/install.log --single-version-externally-managed install_data
