/home/sara/ros2_ws/install/hand_recog_tracking/lib/python3.10/site-packages/hand_recog_tracking/handTracking.py
/home/sara/ros2_ws/install/hand_recog_tracking/lib/python3.10/site-packages/hand_recog_tracking/handRecogSub.py
/home/sara/ros2_ws/install/hand_recog_tracking/lib/python3.10/site-packages/hand_recog_tracking/handPosSub.py
/home/sara/ros2_ws/install/hand_recog_tracking/lib/python3.10/site-packages/hand_recog_tracking/__init__.py
/home/sara/ros2_ws/install/hand_recog_tracking/lib/python3.10/site-packages/hand_recog_tracking/__pycache__/handTracking.cpython-310.pyc
/home/sara/ros2_ws/install/hand_recog_tracking/lib/python3.10/site-packages/hand_recog_tracking/__pycache__/handRecogSub.cpython-310.pyc
/home/sara/ros2_ws/install/hand_recog_tracking/lib/python3.10/site-packages/hand_recog_tracking/__pycache__/handPosSub.cpython-310.pyc
/home/sara/ros2_ws/install/hand_recog_tracking/lib/python3.10/site-packages/hand_recog_tracking/__pycache__/__init__.cpython-310.pyc
/home/sara/ros2_ws/install/hand_recog_tracking/share/ament_index/resource_index/packages/hand_recog_tracking
/home/sara/ros2_ws/install/hand_recog_tracking/share/hand_recog_tracking/package.xml
/home/sara/ros2_ws/install/hand_recog_tracking/lib/python3.10/site-packages/hand_recog_tracking-0.0.0-py3.10.egg-info/entry_points.txt
/home/sara/ros2_ws/install/hand_recog_tracking/lib/python3.10/site-packages/hand_recog_tracking-0.0.0-py3.10.egg-info/PKG-INFO
/home/sara/ros2_ws/install/hand_recog_tracking/lib/python3.10/site-packages/hand_recog_tracking-0.0.0-py3.10.egg-info/top_level.txt
/home/sara/ros2_ws/install/hand_recog_tracking/lib/python3.10/site-packages/hand_recog_tracking-0.0.0-py3.10.egg-info/requires.txt
/home/sara/ros2_ws/install/hand_recog_tracking/lib/python3.10/site-packages/hand_recog_tracking-0.0.0-py3.10.egg-info/dependency_links.txt
/home/sara/ros2_ws/install/hand_recog_tracking/lib/python3.10/site-packages/hand_recog_tracking-0.0.0-py3.10.egg-info/SOURCES.txt
/home/sara/ros2_ws/install/hand_recog_tracking/lib/python3.10/site-packages/hand_recog_tracking-0.0.0-py3.10.egg-info/zip-safe
/home/sara/ros2_ws/install/hand_recog_tracking/lib/hand_recog_tracking/poslistener
/home/sara/ros2_ws/install/hand_recog_tracking/lib/hand_recog_tracking/recoglistener
/home/sara/ros2_ws/install/hand_recog_tracking/lib/hand_recog_tracking/talker
